<?xml version="1.0" encoding="UTF-8"?>
<!-- Generated by org.testng.reporters.JUnitReportReporter -->
<testsuite hostname="MSI-L1584" name="com.selenium.core.hybrid.util.Keywords" tests="1" failures="0" timestamp="19 Sep 2016 09:40:49 GMT" time="11.041" errors="0">
  <testcase name="gmail" time="11.041" classname="com.selenium.core.hybrid.util.Keywords"/>
</testsuite> <!-- com.selenium.core.hybrid.util.Keywords -->
